Line 31: Class Threed.SSPanel of control Panel3D3 was not a loaded control class.
Line 48: Class Threed.SSPanel of control PanelWhite was not a loaded control class.
Line 69: Class Threed.SSPanel of control PanelWhite was not a loaded control class.
Line 90: Class Threed.SSPanel of control PanelWhite was not a loaded control class.
Line 111: Class Threed.SSPanel of control PanelWhite was not a loaded control class.
Line 132: Class Threed.SSPanel of control PanelWhite was not a loaded control class.
Line 153: Class Threed.SSPanel of control PanelWhite was not a loaded control class.
Line 174: Class Threed.SSPanel of control PanelWhite was not a loaded control class.
Line 195: Class Threed.SSPanel of control PanelWhite was not a loaded control class.
Line 216: Class Threed.SSPanel of control PanelWhite was not a loaded control class.
Line 237: Class Threed.SSPanel of control PanelWhite was not a loaded control class.
Line 258: Class Threed.SSPanel of control PanelWhite was not a loaded control class.
Line 279: Class Threed.SSPanel of control PanelWhite was not a loaded control class.
Line 300: Class Threed.SSPanel of control PanelWhite was not a loaded control class.
Line 321: Class Threed.SSPanel of control PanelWhite was not a loaded control class.
Line 342: Class Threed.SSPanel of control PanelWhite was not a loaded control class.
Line 363: Class Threed.SSPanel of control PanelWhite was not a loaded control class.
Line 384: Class Threed.SSPanel of control PanelWhite was not a loaded control class.
Line 405: Class Threed.SSPanel of control PanelWhite was not a loaded control class.
Line 426: Class Threed.SSPanel of control PanelWhite was not a loaded control class.
Line 447: Class Threed.SSPanel of control PanelWhite was not a loaded control class.
Line 468: Class Threed.SSPanel of control PanelWhite was not a loaded control class.
Line 489: Class Threed.SSPanel of control PanelWhite was not a loaded control class.
Line 510: Class Threed.SSPanel of control PanelWhite was not a loaded control class.
Line 531: Class Threed.SSPanel of control PanelWhite was not a loaded control class.
Line 552: Class Threed.SSPanel of control PanelWhite was not a loaded control class.
Line 573: Class Threed.SSPanel of control PanelWhite was not a loaded control class.
Line 594: Class Threed.SSPanel of control PanelWhite was not a loaded control class.
Line 615: Class Threed.SSPanel of control PanelWhite was not a loaded control class.
Line 637: Class Threed.SSPanel of control PanelWhite was not a loaded control class.
Line 659: Class Threed.SSPanel of control PanelWhite was not a loaded control class.
Line 681: Class Threed.SSPanel of control PanelWhite was not a loaded control class.
Line 703: Class Threed.SSPanel of control PanelWhite was not a loaded control class.
Line 725: Class Threed.SSPanel of control PanelWhite was not a loaded control class.
Line 747: Class Threed.SSPanel of control PanelWhite was not a loaded control class.
Line 769: Class Threed.SSPanel of control PanelWhite was not a loaded control class.
Line 791: Class Threed.SSPanel of control PanelWhite was not a loaded control class.
Line 813: Class Threed.SSPanel of control PanelWhite was not a loaded control class.
Line 835: Class Threed.SSPanel of control PanelWhite was not a loaded control class.
Line 857: Class Threed.SSPanel of control PanelWhite was not a loaded control class.
Line 879: Class Threed.SSPanel of control PanelWhite was not a loaded control class.
Line 901: Class Threed.SSPanel of control PanelWhite was not a loaded control class.
Line 923: Class Threed.SSPanel of control PanelWhite was not a loaded control class.
Line 945: Class Threed.SSPanel of control PanelWhite was not a loaded control class.
Line 967: Class Threed.SSPanel of control PanelWhite was not a loaded control class.
Line 989: Class Threed.SSPanel of control PanelWhite was not a loaded control class.
Line 1011: Class Threed.SSPanel of control PanelWhite was not a loaded control class.
Line 1033: Class Threed.SSPanel of control PanelWhite was not a loaded control class.
Line 1055: Class Threed.SSPanel of control PanelWhite was not a loaded control class.
Line 1077: Class Threed.SSPanel of control PanelWhite was not a loaded control class.
Line 1099: Class Threed.SSPanel of control PanelWhite was not a loaded control class.
Line 1121: Class Threed.SSPanel of control PanelWhite was not a loaded control class.
Line 1143: Class Threed.SSPanel of control PanelWhite was not a loaded control class.
Line 1165: Class Threed.SSPanel of control PanelWhite was not a loaded control class.
Line 1187: Class Threed.SSPanel of control PanelWhite was not a loaded control class.
Line 1209: Class Threed.SSPanel of control PanelWhite was not a loaded control class.
Line 1231: Class Threed.SSPanel of control PanelWhite was not a loaded control class.
Line 1253: Class Threed.SSPanel of control PanelWhite was not a loaded control class.
Line 1275: Class Threed.SSPanel of control PanelWhite was not a loaded control class.
Line 1297: Class Threed.SSPanel of control PanelWhite was not a loaded control class.
Line 1319: Class Threed.SSPanel of control PanelWhite was not a loaded control class.
Line 1341: Class Threed.SSPanel of control PanelWhite was not a loaded control class.
Line 1363: Class Threed.SSPanel of control PanelWhite was not a loaded control class.
Line 1385: Class Threed.SSPanel of control PanelWhite was not a loaded control class.
Line 1407: Class Threed.SSPanel of control PanelWhite was not a loaded control class.
Line 1429: Class Threed.SSPanel of control PanelWhite was not a loaded control class.
Line 1452: Class Threed.SSFrame of control SSFrame4 was not a loaded control class.
Line 1468: Class Threed.SSPanel of control SSPanel6 was not a loaded control class.
Line 1496: Class Threed.SSPanel of control SSPanel5 was not a loaded control class.
Line 1524: Class Threed.SSPanel of control SSPanel2 was not a loaded control class.
Line 1551: Class Threed.SSPanel of control VolumeLabel was not a loaded control class.
Line 1569: Class Threed.SSPanel of control MidiChannelOutLabel was not a loaded control class.
Line 1587: Class Threed.SSPanel of control SSPanel10 was not a loaded control class.
Line 1606: Class Threed.SSPanel of control SSPanel9 was not a loaded control class.
Line 1627: Class Threed.SSPanel of control PatchLabel was not a loaded control class.
Line 1654: Class Threed.SSPanel of control SSPanel8 was not a loaded control class.
Line 1673: Class Threed.SSPanel of control SSPanel7 was not a loaded control class.
Line 1692: Class Threed.SSPanel of control Panel3D1 was not a loaded control class.
Line 1719: Class Threed.SSPanel of control Panel3D2 was not a loaded control class.
Line 1746: Class Threed.SSPanel of control SSPanel9 was not a loaded control class.
Line 1767: Class Threed.SSPanel of control LabelOctave was not a loaded control class.
Line 37: The property name _Version in Panel3D3 is invalid.
Line 38: The property name _ExtentX in Panel3D3 is invalid.
Line 39: The property name _ExtentY in Panel3D3 is invalid.
Line 40: The property name _StockProps in Panel3D3 is invalid.
Line 42: The property name BevelWidth in Panel3D3 is invalid.
Line 43: The property name BorderWidth in Panel3D3 is invalid.
Line 44: The property name Outline in Panel3D3 is invalid.
Line 45: The property name Font3D in Panel3D3 is invalid.
Line 46: The property name Alignment in Panel3D3 is invalid.
Line 57: The property name _Version in PanelWhite is invalid.
Line 58: The property name _ExtentX in PanelWhite is invalid.
Line 59: The property name _ExtentY in PanelWhite is invalid.
Line 60: The property name _StockProps in PanelWhite is invalid.
Line 63: The property name BorderWidth in PanelWhite is invalid.
Line 64: The property name Outline in PanelWhite is invalid.
Line 65: The property name Font3D in PanelWhite is invalid.
Line 66: The property name Alignment in PanelWhite is invalid.
Line 78: The property name _Version in PanelWhite is invalid.
Line 79: The property name _ExtentX in PanelWhite is invalid.
Line 80: The property name _ExtentY in PanelWhite is invalid.
Line 81: The property name _StockProps in PanelWhite is invalid.
Line 84: The property name BorderWidth in PanelWhite is invalid.
Line 85: The property name Outline in PanelWhite is invalid.
Line 86: The property name Font3D in PanelWhite is invalid.
Line 87: The property name Alignment in PanelWhite is invalid.
Line 99: The property name _Version in PanelWhite is invalid.
Line 100: The property name _ExtentX in PanelWhite is invalid.
Line 101: The property name _ExtentY in PanelWhite is invalid.
Line 102: The property name _StockProps in PanelWhite is invalid.
Line 105: The property name BorderWidth in PanelWhite is invalid.
Line 106: The property name Outline in PanelWhite is invalid.
Line 107: The property name Font3D in PanelWhite is invalid.
Line 108: The property name Alignment in PanelWhite is invalid.
Line 120: The property name _Version in PanelWhite is invalid.
Line 121: The property name _ExtentX in PanelWhite is invalid.
Line 122: The property name _ExtentY in PanelWhite is invalid.
Line 123: The property name _StockProps in PanelWhite is invalid.
Line 126: The property name BorderWidth in PanelWhite is invalid.
Line 127: The property name Outline in PanelWhite is invalid.
Line 128: The property name Font3D in PanelWhite is invalid.
Line 129: The property name Alignment in PanelWhite is invalid.
Line 141: The property name _Version in PanelWhite is invalid.
Line 142: The property name _ExtentX in PanelWhite is invalid.
Line 143: The property name _ExtentY in PanelWhite is invalid.
Line 144: The property name _StockProps in PanelWhite is invalid.
Line 147: The property name BorderWidth in PanelWhite is invalid.
Line 148: The property name Outline in PanelWhite is invalid.
Line 149: The property name Font3D in PanelWhite is invalid.
Line 150: The property name Alignment in PanelWhite is invalid.
Line 162: The property name _Version in PanelWhite is invalid.
Line 163: The property name _ExtentX in PanelWhite is invalid.
Line 164: The property name _ExtentY in PanelWhite is invalid.
Line 165: The property name _StockProps in PanelWhite is invalid.
Line 168: The property name BorderWidth in PanelWhite is invalid.
Line 169: The property name Outline in PanelWhite is invalid.
Line 170: The property name Font3D in PanelWhite is invalid.
Line 171: The property name Alignment in PanelWhite is invalid.
Line 183: The property name _Version in PanelWhite is invalid.
Line 184: The property name _ExtentX in PanelWhite is invalid.
Line 185: The property name _ExtentY in PanelWhite is invalid.
Line 186: The property name _StockProps in PanelWhite is invalid.
Line 189: The property name BorderWidth in PanelWhite is invalid.
Line 190: The property name Outline in PanelWhite is invalid.
Line 191: The property name Font3D in PanelWhite is invalid.
Line 192: The property name Alignment in PanelWhite is invalid.
Line 204: The property name _Version in PanelWhite is invalid.
Line 205: The property name _ExtentX in PanelWhite is invalid.
Line 206: The property name _ExtentY in PanelWhite is invalid.
Line 207: The property name _StockProps in PanelWhite is invalid.
Line 210: The property name BorderWidth in PanelWhite is invalid.
Line 211: The property name Outline in PanelWhite is invalid.
Line 212: The property name Font3D in PanelWhite is invalid.
Line 213: The property name Alignment in PanelWhite is invalid.
Line 225: The property name _Version in PanelWhite is invalid.
Line 226: The property name _ExtentX in PanelWhite is invalid.
Line 227: The property name _ExtentY in PanelWhite is invalid.
Line 228: The property name _StockProps in PanelWhite is invalid.
Line 231: The property name BorderWidth in PanelWhite is invalid.
Line 232: The property name Outline in PanelWhite is invalid.
Line 233: The property name Font3D in PanelWhite is invalid.
Line 234: The property name Alignment in PanelWhite is invalid.
Line 246: The property name _Version in PanelWhite is invalid.
Line 247: The property name _ExtentX in PanelWhite is invalid.
Line 248: The property name _ExtentY in PanelWhite is invalid.
Line 249: The property name _StockProps in PanelWhite is invalid.
Line 252: The property name BorderWidth in PanelWhite is invalid.
Line 253: The property name Outline in PanelWhite is invalid.
Line 254: The property name Font3D in PanelWhite is invalid.
Line 255: The property name Alignment in PanelWhite is invalid.
Line 267: The property name _Version in PanelWhite is invalid.
Line 268: The property name _ExtentX in PanelWhite is invalid.
Line 269: The property name _ExtentY in PanelWhite is invalid.
Line 270: The property name _StockProps in PanelWhite is invalid.
Line 273: The property name BorderWidth in PanelWhite is invalid.
Line 274: The property name Outline in PanelWhite is invalid.
Line 275: The property name Font3D in PanelWhite is invalid.
Line 276: The property name Alignment in PanelWhite is invalid.
Line 288: The property name _Version in PanelWhite is invalid.
Line 289: The property name _ExtentX in PanelWhite is invalid.
Line 290: The property name _ExtentY in PanelWhite is invalid.
Line 291: The property name _StockProps in PanelWhite is invalid.
Line 294: The property name BorderWidth in PanelWhite is invalid.
Line 295: The property name Outline in PanelWhite is invalid.
Line 296: The property name Font3D in PanelWhite is invalid.
Line 297: The property name Alignment in PanelWhite is invalid.
Line 309: The property name _Version in PanelWhite is invalid.
Line 310: The property name _ExtentX in PanelWhite is invalid.
Line 311: The property name _ExtentY in PanelWhite is invalid.
Line 312: The property name _StockProps in PanelWhite is invalid.
Line 315: The property name BorderWidth in PanelWhite is invalid.
Line 316: The property name Outline in PanelWhite is invalid.
Line 317: The property name Font3D in PanelWhite is invalid.
Line 318: The property name Alignment in PanelWhite is invalid.
Line 330: The property name _Version in PanelWhite is invalid.
Line 331: The property name _ExtentX in PanelWhite is invalid.
Line 332: The property name _ExtentY in PanelWhite is invalid.
Line 333: The property name _StockProps in PanelWhite is invalid.
Line 336: The property name BorderWidth in PanelWhite is invalid.
Line 337: The property name Outline in PanelWhite is invalid.
Line 338: The property name Font3D in PanelWhite is invalid.
Line 339: The property name Alignment in PanelWhite is invalid.
Line 351: The property name _Version in PanelWhite is invalid.
Line 352: The property name _ExtentX in PanelWhite is invalid.
Line 353: The property name _ExtentY in PanelWhite is invalid.
Line 354: The property name _StockProps in PanelWhite is invalid.
Line 357: The property name BorderWidth in PanelWhite is invalid.
Line 358: The property name Outline in PanelWhite is invalid.
Line 359: The property name Font3D in PanelWhite is invalid.
Line 360: The property name Alignment in PanelWhite is invalid.
Line 372: The property name _Version in PanelWhite is invalid.
Line 373: The property name _ExtentX in PanelWhite is invalid.
Line 374: The property name _ExtentY in PanelWhite is invalid.
Line 375: The property name _StockProps in PanelWhite is invalid.
Line 378: The property name BorderWidth in PanelWhite is invalid.
Line 379: The property name Outline in PanelWhite is invalid.
Line 380: The property name Font3D in PanelWhite is invalid.
Line 381: The property name Alignment in PanelWhite is invalid.
Line 393: The property name _Version in PanelWhite is invalid.
Line 394: The property name _ExtentX in PanelWhite is invalid.
Line 395: The property name _ExtentY in PanelWhite is invalid.
Line 396: The property name _StockProps in PanelWhite is invalid.
Line 399: The property name BorderWidth in PanelWhite is invalid.
Line 400: The property name Outline in PanelWhite is invalid.
Line 401: The property name Font3D in PanelWhite is invalid.
Line 402: The property name Alignment in PanelWhite is invalid.
Line 414: The property name _Version in PanelWhite is invalid.
Line 415: The property name _ExtentX in PanelWhite is invalid.
Line 416: The property name _ExtentY in PanelWhite is invalid.
Line 417: The property name _StockProps in PanelWhite is invalid.
Line 420: The property name BorderWidth in PanelWhite is invalid.
Line 421: The property name Outline in PanelWhite is invalid.
Line 422: The property name Font3D in PanelWhite is invalid.
Line 423: The property name Alignment in PanelWhite is invalid.
Line 435: The property name _Version in PanelWhite is invalid.
Line 436: The property name _ExtentX in PanelWhite is invalid.
Line 437: The property name _ExtentY in PanelWhite is invalid.
Line 438: The property name _StockProps in PanelWhite is invalid.
Line 441: The property name BorderWidth in PanelWhite is invalid.
Line 442: The property name Outline in PanelWhite is invalid.
Line 443: The property name Font3D in PanelWhite is invalid.
Line 444: The property name Alignment in PanelWhite is invalid.
Line 456: The property name _Version in PanelWhite is invalid.
Line 457: The property name _ExtentX in PanelWhite is invalid.
Line 458: The property name _ExtentY in PanelWhite is invalid.
Line 459: The property name _StockProps in PanelWhite is invalid.
Line 462: The property name BorderWidth in PanelWhite is invalid.
Line 463: The property name Outline in PanelWhite is invalid.
Line 464: The property name Font3D in PanelWhite is invalid.
Line 465: The property name Alignment in PanelWhite is invalid.
Line 477: The property name _Version in PanelWhite is invalid.
Line 478: The property name _ExtentX in PanelWhite is invalid.
Line 479: The property name _ExtentY in PanelWhite is invalid.
Line 480: The property name _StockProps in PanelWhite is invalid.
Line 483: The property name BorderWidth in PanelWhite is invalid.
Line 484: The property name Outline in PanelWhite is invalid.
Line 485: The property name Font3D in PanelWhite is invalid.
Line 486: The property name Alignment in PanelWhite is invalid.
Line 498: The property name _Version in PanelWhite is invalid.
Line 499: The property name _ExtentX in PanelWhite is invalid.
Line 500: The property name _ExtentY in PanelWhite is invalid.
Line 501: The property name _StockProps in PanelWhite is invalid.
Line 504: The property name BorderWidth in PanelWhite is invalid.
Line 505: The property name Outline in PanelWhite is invalid.
Line 506: The property name Font3D in PanelWhite is invalid.
Line 507: The property name Alignment in PanelWhite is invalid.
Line 519: The property name _Version in PanelWhite is invalid.
Line 520: The property name _ExtentX in PanelWhite is invalid.
Line 521: The property name _ExtentY in PanelWhite is invalid.
Line 522: The property name _StockProps in PanelWhite is invalid.
Line 525: The property name BorderWidth in PanelWhite is invalid.
Line 526: The property name Outline in PanelWhite is invalid.
Line 527: The property name Font3D in PanelWhite is invalid.
Line 528: The property name Alignment in PanelWhite is invalid.
Line 540: The property name _Version in PanelWhite is invalid.
Line 541: The property name _ExtentX in PanelWhite is invalid.
Line 542: The property name _ExtentY in PanelWhite is invalid.
Line 543: The property name _StockProps in PanelWhite is invalid.
Line 546: The property name BorderWidth in PanelWhite is invalid.
Line 547: The property name Outline in PanelWhite is invalid.
Line 548: The property name Font3D in PanelWhite is invalid.
Line 549: The property name Alignment in PanelWhite is invalid.
Line 561: The property name _Version in PanelWhite is invalid.
Line 562: The property name _ExtentX in PanelWhite is invalid.
Line 563: The property name _ExtentY in PanelWhite is invalid.
Line 564: The property name _StockProps in PanelWhite is invalid.
Line 567: The property name BorderWidth in PanelWhite is invalid.
Line 568: The property name Outline in PanelWhite is invalid.
Line 569: The property name Font3D in PanelWhite is invalid.
Line 570: The property name Alignment in PanelWhite is invalid.
Line 582: The property name _Version in PanelWhite is invalid.
Line 583: The property name _ExtentX in PanelWhite is invalid.
Line 584: The property name _ExtentY in PanelWhite is invalid.
Line 585: The property name _StockProps in PanelWhite is invalid.
Line 588: The property name BorderWidth in PanelWhite is invalid.
Line 589: The property name Outline in PanelWhite is invalid.
Line 590: The property name Font3D in PanelWhite is invalid.
Line 591: The property name Alignment in PanelWhite is invalid.
Line 603: The property name _Version in PanelWhite is invalid.
Line 604: The property name _ExtentX in PanelWhite is invalid.
Line 605: The property name _ExtentY in PanelWhite is invalid.
Line 606: The property name _StockProps in PanelWhite is invalid.
Line 609: The property name BorderWidth in PanelWhite is invalid.
Line 610: The property name Outline in PanelWhite is invalid.
Line 611: The property name Font3D in PanelWhite is invalid.
Line 612: The property name Alignment in PanelWhite is invalid.
Line 624: The property name _Version in PanelWhite is invalid.
Line 625: The property name _ExtentX in PanelWhite is invalid.
Line 626: The property name _ExtentY in PanelWhite is invalid.
Line 627: The property name _StockProps in PanelWhite is invalid.
Line 630: The property name BevelWidth in PanelWhite is invalid.
Line 631: The property name BorderWidth in PanelWhite is invalid.
Line 632: The property name Outline in PanelWhite is invalid.
Line 633: The property name Font3D in PanelWhite is invalid.
Line 634: The property name Alignment in PanelWhite is invalid.
Line 646: The property name _Version in PanelWhite is invalid.
Line 647: The property name _ExtentX in PanelWhite is invalid.
Line 648: The property name _ExtentY in PanelWhite is invalid.
Line 649: The property name _StockProps in PanelWhite is invalid.
Line 652: The property name BevelWidth in PanelWhite is invalid.
Line 653: The property name BorderWidth in PanelWhite is invalid.
Line 654: The property name Outline in PanelWhite is invalid.
Line 655: The property name Font3D in PanelWhite is invalid.
Line 656: The property name Alignment in PanelWhite is invalid.
Line 668: The property name _Version in PanelWhite is invalid.
Line 669: The property name _ExtentX in PanelWhite is invalid.
Line 670: The property name _ExtentY in PanelWhite is invalid.
Line 671: The property name _StockProps in PanelWhite is invalid.
Line 674: The property name BevelWidth in PanelWhite is invalid.
Line 675: The property name BorderWidth in PanelWhite is invalid.
Line 676: The property name Outline in PanelWhite is invalid.
Line 677: The property name Font3D in PanelWhite is invalid.
Line 678: The property name Alignment in PanelWhite is invalid.
Line 690: The property name _Version in PanelWhite is invalid.
Line 691: The property name _ExtentX in PanelWhite is invalid.
Line 692: The property name _ExtentY in PanelWhite is invalid.
Line 693: The property name _StockProps in PanelWhite is invalid.
Line 696: The property name BevelWidth in PanelWhite is invalid.
Line 697: The property name BorderWidth in PanelWhite is invalid.
Line 698: The property name Outline in PanelWhite is invalid.
Line 699: The property name Font3D in PanelWhite is invalid.
Line 700: The property name Alignment in PanelWhite is invalid.
Line 712: The property name _Version in PanelWhite is invalid.
Line 713: The property name _ExtentX in PanelWhite is invalid.
Line 714: The property name _ExtentY in PanelWhite is invalid.
Line 715: The property name _StockProps in PanelWhite is invalid.
Line 718: The property name BevelWidth in PanelWhite is invalid.
Line 719: The property name BorderWidth in PanelWhite is invalid.
Line 720: The property name Outline in PanelWhite is invalid.
Line 721: The property name Font3D in PanelWhite is invalid.
Line 722: The property name Alignment in PanelWhite is invalid.
Line 734: The property name _Version in PanelWhite is invalid.
Line 735: The property name _ExtentX in PanelWhite is invalid.
Line 736: The property name _ExtentY in PanelWhite is invalid.
Line 737: The property name _StockProps in PanelWhite is invalid.
Line 740: The property name BevelWidth in PanelWhite is invalid.
Line 741: The property name BorderWidth in PanelWhite is invalid.
Line 742: The property name Outline in PanelWhite is invalid.
Line 743: The property name Font3D in PanelWhite is invalid.
Line 744: The property name Alignment in PanelWhite is invalid.
Line 756: The property name _Version in PanelWhite is invalid.
Line 757: The property name _ExtentX in PanelWhite is invalid.
Line 758: The property name _ExtentY in PanelWhite is invalid.
Line 759: The property name _StockProps in PanelWhite is invalid.
Line 762: The property name BevelWidth in PanelWhite is invalid.
Line 763: The property name BorderWidth in PanelWhite is invalid.
Line 764: The property name Outline in PanelWhite is invalid.
Line 765: The property name Font3D in PanelWhite is invalid.
Line 766: The property name Alignment in PanelWhite is invalid.
Line 778: The property name _Version in PanelWhite is invalid.
Line 779: The property name _ExtentX in PanelWhite is invalid.
Line 780: The property name _ExtentY in PanelWhite is invalid.
Line 781: The property name _StockProps in PanelWhite is invalid.
Line 784: The property name BevelWidth in PanelWhite is invalid.
Line 785: The property name BorderWidth in PanelWhite is invalid.
Line 786: The property name Outline in PanelWhite is invalid.
Line 787: The property name Font3D in PanelWhite is invalid.
Line 788: The property name Alignment in PanelWhite is invalid.
Line 800: The property name _Version in PanelWhite is invalid.
Line 801: The property name _ExtentX in PanelWhite is invalid.
Line 802: The property name _ExtentY in PanelWhite is invalid.
Line 803: The property name _StockProps in PanelWhite is invalid.
Line 806: The property name BevelWidth in PanelWhite is invalid.
Line 807: The property name BorderWidth in PanelWhite is invalid.
Line 808: The property name Outline in PanelWhite is invalid.
Line 809: The property name Font3D in PanelWhite is invalid.
Line 810: The property name Alignment in PanelWhite is invalid.
Line 822: The property name _Version in PanelWhite is invalid.
Line 823: The property name _ExtentX in PanelWhite is invalid.
Line 824: The property name _ExtentY in PanelWhite is invalid.
Line 825: The property name _StockProps in PanelWhite is invalid.
Line 828: The property name BevelWidth in PanelWhite is invalid.
Line 829: The property name BorderWidth in PanelWhite is invalid.
Line 830: The property name Outline in PanelWhite is invalid.
Line 831: The property name Font3D in PanelWhite is invalid.
Line 832: The property name Alignment in PanelWhite is invalid.
Line 844: The property name _Version in PanelWhite is invalid.
Line 845: The property name _ExtentX in PanelWhite is invalid.
Line 846: The property name _ExtentY in PanelWhite is invalid.
Line 847: The property name _StockProps in PanelWhite is invalid.
Line 850: The property name BevelWidth in PanelWhite is invalid.
Line 851: The property name BorderWidth in PanelWhite is invalid.
Line 852: The property name Outline in PanelWhite is invalid.
Line 853: The property name Font3D in PanelWhite is invalid.
Line 854: The property name Alignment in PanelWhite is invalid.
Line 866: The property name _Version in PanelWhite is invalid.
Line 867: The property name _ExtentX in PanelWhite is invalid.
Line 868: The property name _ExtentY in PanelWhite is invalid.
Line 869: The property name _StockProps in PanelWhite is invalid.
Line 872: The property name BevelWidth in PanelWhite is invalid.
Line 873: The property name BorderWidth in PanelWhite is invalid.
Line 874: The property name Outline in PanelWhite is invalid.
Line 875: The property name Font3D in PanelWhite is invalid.
Line 876: The property name Alignment in PanelWhite is invalid.
Line 888: The property name _Version in PanelWhite is invalid.
Line 889: The property name _ExtentX in PanelWhite is invalid.
Line 890: The property name _ExtentY in PanelWhite is invalid.
Line 891: The property name _StockProps in PanelWhite is invalid.
Line 894: The property name BevelWidth in PanelWhite is invalid.
Line 895: The property name BorderWidth in PanelWhite is invalid.
Line 896: The property name Outline in PanelWhite is invalid.
Line 897: The property name Font3D in PanelWhite is invalid.
Line 898: The property name Alignment in PanelWhite is invalid.
Line 910: The property name _Version in PanelWhite is invalid.
Line 911: The property name _ExtentX in PanelWhite is invalid.
Line 912: The property name _ExtentY in PanelWhite is invalid.
Line 913: The property name _StockProps in PanelWhite is invalid.
Line 916: The property name BevelWidth in PanelWhite is invalid.
Line 917: The property name BorderWidth in PanelWhite is invalid.
Line 918: The property name Outline in PanelWhite is invalid.
Line 919: The property name Font3D in PanelWhite is invalid.
Line 920: The property name Alignment in PanelWhite is invalid.
Line 932: The property name _Version in PanelWhite is invalid.
Line 933: The property name _ExtentX in PanelWhite is invalid.
Line 934: The property name _ExtentY in PanelWhite is invalid.
Line 935: The property name _StockProps in PanelWhite is invalid.
Line 938: The property name BevelWidth in PanelWhite is invalid.
Line 939: The property name BorderWidth in PanelWhite is invalid.
Line 940: The property name Outline in PanelWhite is invalid.
Line 941: The property name Font3D in PanelWhite is invalid.
Line 942: The property name Alignment in PanelWhite is invalid.
Line 954: The property name _Version in PanelWhite is invalid.
Line 955: The property name _ExtentX in PanelWhite is invalid.
Line 956: The property name _ExtentY in PanelWhite is invalid.
Line 957: The property name _StockProps in PanelWhite is invalid.
Line 960: The property name BevelWidth in PanelWhite is invalid.
Line 961: The property name BorderWidth in PanelWhite is invalid.
Line 962: The property name Outline in PanelWhite is invalid.
Line 963: The property name Font3D in PanelWhite is invalid.
Line 964: The property name Alignment in PanelWhite is invalid.
Line 976: The property name _Version in PanelWhite is invalid.
Line 977: The property name _ExtentX in PanelWhite is invalid.
Line 978: The property name _ExtentY in PanelWhite is invalid.
Line 979: The property name _StockProps in PanelWhite is invalid.
Line 982: The property name BevelWidth in PanelWhite is invalid.
Line 983: The property name BorderWidth in PanelWhite is invalid.
Line 984: The property name Outline in PanelWhite is invalid.
Line 985: The property name Font3D in PanelWhite is invalid.
Line 986: The property name Alignment in PanelWhite is invalid.
Line 998: The property name _Version in PanelWhite is invalid.
Line 999: The property name _ExtentX in PanelWhite is invalid.
Line 1000: The property name _ExtentY in PanelWhite is invalid.
Line 1001: The property name _StockProps in PanelWhite is invalid.
Line 1004: The property name BevelWidth in PanelWhite is invalid.
Line 1005: The property name BorderWidth in PanelWhite is invalid.
Line 1006: The property name Outline in PanelWhite is invalid.
Line 1007: The property name Font3D in PanelWhite is invalid.
Line 1008: The property name Alignment in PanelWhite is invalid.
Line 1020: The property name _Version in PanelWhite is invalid.
Line 1021: The property name _ExtentX in PanelWhite is invalid.
Line 1022: The property name _ExtentY in PanelWhite is invalid.
Line 1023: The property name _StockProps in PanelWhite is invalid.
Line 1026: The property name BevelWidth in PanelWhite is invalid.
Line 1027: The property name BorderWidth in PanelWhite is invalid.
Line 1028: The property name Outline in PanelWhite is invalid.
Line 1029: The property name Font3D in PanelWhite is invalid.
Line 1030: The property name Alignment in PanelWhite is invalid.
Line 1042: The property name _Version in PanelWhite is invalid.
Line 1043: The property name _ExtentX in PanelWhite is invalid.
Line 1044: The property name _ExtentY in PanelWhite is invalid.
Line 1045: The property name _StockProps in PanelWhite is invalid.
Line 1048: The property name BevelWidth in PanelWhite is invalid.
Line 1049: The property name BorderWidth in PanelWhite is invalid.
Line 1050: The property name Outline in PanelWhite is invalid.
Line 1051: The property name Font3D in PanelWhite is invalid.
Line 1052: The property name Alignment in PanelWhite is invalid.
Line 1064: The property name _Version in PanelWhite is invalid.
Line 1065: The property name _ExtentX in PanelWhite is invalid.
Line 1066: The property name _ExtentY in PanelWhite is invalid.
Line 1067: The property name _StockProps in PanelWhite is invalid.
Line 1070: The property name BevelWidth in PanelWhite is invalid.
Line 1071: The property name BorderWidth in PanelWhite is invalid.
Line 1072: The property name Outline in PanelWhite is invalid.
Line 1073: The property name Font3D in PanelWhite is invalid.
Line 1074: The property name Alignment in PanelWhite is invalid.
Line 1086: The property name _Version in PanelWhite is invalid.
Line 1087: The property name _ExtentX in PanelWhite is invalid.
Line 1088: The property name _ExtentY in PanelWhite is invalid.
Line 1089: The property name _StockProps in PanelWhite is invalid.
Line 1092: The property name BevelWidth in PanelWhite is invalid.
Line 1093: The property name BorderWidth in PanelWhite is invalid.
Line 1094: The property name Outline in PanelWhite is invalid.
Line 1095: The property name Font3D in PanelWhite is invalid.
Line 1096: The property name Alignment in PanelWhite is invalid.
Line 1108: The property name _Version in PanelWhite is invalid.
Line 1109: The property name _ExtentX in PanelWhite is invalid.
Line 1110: The property name _ExtentY in PanelWhite is invalid.
Line 1111: The property name _StockProps in PanelWhite is invalid.
Line 1114: The property name BevelWidth in PanelWhite is invalid.
Line 1115: The property name BorderWidth in PanelWhite is invalid.
Line 1116: The property name Outline in PanelWhite is invalid.
Line 1117: The property name Font3D in PanelWhite is invalid.
Line 1118: The property name Alignment in PanelWhite is invalid.
Line 1130: The property name _Version in PanelWhite is invalid.
Line 1131: The property name _ExtentX in PanelWhite is invalid.
Line 1132: The property name _ExtentY in PanelWhite is invalid.
Line 1133: The property name _StockProps in PanelWhite is invalid.
Line 1136: The property name BevelWidth in PanelWhite is invalid.
Line 1137: The property name BorderWidth in PanelWhite is invalid.
Line 1138: The property name Outline in PanelWhite is invalid.
Line 1139: The property name Font3D in PanelWhite is invalid.
Line 1140: The property name Alignment in PanelWhite is invalid.
Line 1152: The property name _Version in PanelWhite is invalid.
Line 1153: The property name _ExtentX in PanelWhite is invalid.
Line 1154: The property name _ExtentY in PanelWhite is invalid.
Line 1155: The property name _StockProps in PanelWhite is invalid.
Line 1158: The property name BevelWidth in PanelWhite is invalid.
Line 1159: The property name BorderWidth in PanelWhite is invalid.
Line 1160: The property name Outline in PanelWhite is invalid.
Line 1161: The property name Font3D in PanelWhite is invalid.
Line 1162: The property name Alignment in PanelWhite is invalid.
Line 1174: The property name _Version in PanelWhite is invalid.
Line 1175: The property name _ExtentX in PanelWhite is invalid.
Line 1176: The property name _ExtentY in PanelWhite is invalid.
Line 1177: The property name _StockProps in PanelWhite is invalid.
Line 1180: The property name BevelWidth in PanelWhite is invalid.
Line 1181: The property name BorderWidth in PanelWhite is invalid.
Line 1182: The property name Outline in PanelWhite is invalid.
Line 1183: The property name Font3D in PanelWhite is invalid.
Line 1184: The property name Alignment in PanelWhite is invalid.
Line 1196: The property name _Version in PanelWhite is invalid.
Line 1197: The property name _ExtentX in PanelWhite is invalid.
Line 1198: The property name _ExtentY in PanelWhite is invalid.
Line 1199: The property name _StockProps in PanelWhite is invalid.
Line 1202: The property name BevelWidth in PanelWhite is invalid.
Line 1203: The property name BorderWidth in PanelWhite is invalid.
Line 1204: The property name Outline in PanelWhite is invalid.
Line 1205: The property name Font3D in PanelWhite is invalid.
Line 1206: The property name Alignment in PanelWhite is invalid.
Line 1218: The property name _Version in PanelWhite is invalid.
Line 1219: The property name _ExtentX in PanelWhite is invalid.
Line 1220: The property name _ExtentY in PanelWhite is invalid.
Line 1221: The property name _StockProps in PanelWhite is invalid.
Line 1224: The property name BevelWidth in PanelWhite is invalid.
Line 1225: The property name BorderWidth in PanelWhite is invalid.
Line 1226: The property name Outline in PanelWhite is invalid.
Line 1227: The property name Font3D in PanelWhite is invalid.
Line 1228: The property name Alignment in PanelWhite is invalid.
Line 1240: The property name _Version in PanelWhite is invalid.
Line 1241: The property name _ExtentX in PanelWhite is invalid.
Line 1242: The property name _ExtentY in PanelWhite is invalid.
Line 1243: The property name _StockProps in PanelWhite is invalid.
Line 1246: The property name BevelWidth in PanelWhite is invalid.
Line 1247: The property name BorderWidth in PanelWhite is invalid.
Line 1248: The property name Outline in PanelWhite is invalid.
Line 1249: The property name Font3D in PanelWhite is invalid.
Line 1250: The property name Alignment in PanelWhite is invalid.
Line 1262: The property name _Version in PanelWhite is invalid.
Line 1263: The property name _ExtentX in PanelWhite is invalid.
Line 1264: The property name _ExtentY in PanelWhite is invalid.
Line 1265: The property name _StockProps in PanelWhite is invalid.
Line 1268: The property name BevelWidth in PanelWhite is invalid.
Line 1269: The property name BorderWidth in PanelWhite is invalid.
Line 1270: The property name Outline in PanelWhite is invalid.
Line 1271: The property name Font3D in PanelWhite is invalid.
Line 1272: The property name Alignment in PanelWhite is invalid.
Line 1284: The property name _Version in PanelWhite is invalid.
Line 1285: The property name _ExtentX in PanelWhite is invalid.
Line 1286: The property name _ExtentY in PanelWhite is invalid.
Line 1287: The property name _StockProps in PanelWhite is invalid.
Line 1290: The property name BevelWidth in PanelWhite is invalid.
Line 1291: The property name BorderWidth in PanelWhite is invalid.
Line 1292: The property name Outline in PanelWhite is invalid.
Line 1293: The property name Font3D in PanelWhite is invalid.
Line 1294: The property name Alignment in PanelWhite is invalid.
Line 1306: The property name _Version in PanelWhite is invalid.
Line 1307: The property name _ExtentX in PanelWhite is invalid.
Line 1308: The property name _ExtentY in PanelWhite is invalid.
Line 1309: The property name _StockProps in PanelWhite is invalid.
Line 1312: The property name BevelWidth in PanelWhite is invalid.
Line 1313: The property name BorderWidth in PanelWhite is invalid.
Line 1314: The property name Outline in PanelWhite is invalid.
Line 1315: The property name Font3D in PanelWhite is invalid.
Line 1316: The property name Alignment in PanelWhite is invalid.
Line 1328: The property name _Version in PanelWhite is invalid.
Line 1329: The property name _ExtentX in PanelWhite is invalid.
Line 1330: The property name _ExtentY in PanelWhite is invalid.
Line 1331: The property name _StockProps in PanelWhite is invalid.
Line 1334: The property name BevelWidth in PanelWhite is invalid.
Line 1335: The property name BorderWidth in PanelWhite is invalid.
Line 1336: The property name Outline in PanelWhite is invalid.
Line 1337: The property name Font3D in PanelWhite is invalid.
Line 1338: The property name Alignment in PanelWhite is invalid.
Line 1350: The property name _Version in PanelWhite is invalid.
Line 1351: The property name _ExtentX in PanelWhite is invalid.
Line 1352: The property name _ExtentY in PanelWhite is invalid.
Line 1353: The property name _StockProps in PanelWhite is invalid.
Line 1356: The property name BevelWidth in PanelWhite is invalid.
Line 1357: The property name BorderWidth in PanelWhite is invalid.
Line 1358: The property name Outline in PanelWhite is invalid.
Line 1359: The property name Font3D in PanelWhite is invalid.
Line 1360: The property name Alignment in PanelWhite is invalid.
Line 1372: The property name _Version in PanelWhite is invalid.
Line 1373: The property name _ExtentX in PanelWhite is invalid.
Line 1374: The property name _ExtentY in PanelWhite is invalid.
Line 1375: The property name _StockProps in PanelWhite is invalid.
Line 1378: The property name BevelWidth in PanelWhite is invalid.
Line 1379: The property name BorderWidth in PanelWhite is invalid.
Line 1380: The property name Outline in PanelWhite is invalid.
Line 1381: The property name Font3D in PanelWhite is invalid.
Line 1382: The property name Alignment in PanelWhite is invalid.
Line 1394: The property name _Version in PanelWhite is invalid.
Line 1395: The property name _ExtentX in PanelWhite is invalid.
Line 1396: The property name _ExtentY in PanelWhite is invalid.
Line 1397: The property name _StockProps in PanelWhite is invalid.
Line 1400: The property name BevelWidth in PanelWhite is invalid.
Line 1401: The property name BorderWidth in PanelWhite is invalid.
Line 1402: The property name Outline in PanelWhite is invalid.
Line 1403: The property name Font3D in PanelWhite is invalid.
Line 1404: The property name Alignment in PanelWhite is invalid.
Line 1416: The property name _Version in PanelWhite is invalid.
Line 1417: The property name _ExtentX in PanelWhite is invalid.
Line 1418: The property name _ExtentY in PanelWhite is invalid.
Line 1419: The property name _StockProps in PanelWhite is invalid.
Line 1422: The property name BevelWidth in PanelWhite is invalid.
Line 1423: The property name BorderWidth in PanelWhite is invalid.
Line 1424: The property name Outline in PanelWhite is invalid.
Line 1425: The property name Font3D in PanelWhite is invalid.
Line 1426: The property name Alignment in PanelWhite is invalid.
Line 1438: The property name _Version in PanelWhite is invalid.
Line 1439: The property name _ExtentX in PanelWhite is invalid.
Line 1440: The property name _ExtentY in PanelWhite is invalid.
Line 1441: The property name _StockProps in PanelWhite is invalid.
Line 1444: The property name BevelWidth in PanelWhite is invalid.
Line 1445: The property name BorderWidth in PanelWhite is invalid.
Line 1446: The property name Outline in PanelWhite is invalid.
Line 1447: The property name Font3D in PanelWhite is invalid.
Line 1448: The property name Alignment in PanelWhite is invalid.
Line 1458: The property name _Version in SSFrame4 is invalid.
Line 1459: The property name _ExtentX in SSFrame4 is invalid.
Line 1460: The property name _ExtentY in SSFrame4 is invalid.
Line 1461: The property name _StockProps in SSFrame4 is invalid.
Line 1462: The property name Caption in SSFrame4 is invalid.
Line 1464: The property name Alignment in SSFrame4 is invalid.
Line 1465: The property name ShadowColor in SSFrame4 is invalid.
Line 1466: The property name Font3D in SSFrame4 is invalid.
Line 1467: The property name ShadowStyle in SSFrame4 is invalid.
Line 1474: The property name _Version in SSPanel6 is invalid.
Line 1475: The property name _ExtentX in SSPanel6 is invalid.
Line 1476: The property name _ExtentY in SSPanel6 is invalid.
Line 1477: The property name _StockProps in SSPanel6 is invalid.
Line 1478: The property name Caption in SSPanel6 is invalid.
Line 1480: The property name BorderWidth in SSPanel6 is invalid.
Line 1481: The property name BevelInner in SSPanel6 is invalid.
Line 1482: The property name Font3D in SSPanel6 is invalid.
Line 1483: The property name Alignment in SSPanel6 is invalid.
Line 1502: The property name _Version in SSPanel5 is invalid.
Line 1503: The property name _ExtentX in SSPanel5 is invalid.
Line 1504: The property name _ExtentY in SSPanel5 is invalid.
Line 1505: The property name _StockProps in SSPanel5 is invalid.
Line 1506: The property name Caption in SSPanel5 is invalid.
Line 1508: The property name BorderWidth in SSPanel5 is invalid.
Line 1509: The property name BevelInner in SSPanel5 is invalid.
Line 1510: The property name Font3D in SSPanel5 is invalid.
Line 1511: The property name Alignment in SSPanel5 is invalid.
Line 1530: The property name _Version in SSPanel2 is invalid.
Line 1531: The property name _ExtentX in SSPanel2 is invalid.
Line 1532: The property name _ExtentY in SSPanel2 is invalid.
Line 1533: The property name _StockProps in SSPanel2 is invalid.
Line 1534: The property name Caption in SSPanel2 is invalid.
Line 1536: The property name BorderWidth in SSPanel2 is invalid.
Line 1537: The property name BevelInner in SSPanel2 is invalid.
Line 1538: The property name Font3D in SSPanel2 is invalid.
Line 1539: The property name Alignment in SSPanel2 is invalid.
Line 1557: The property name _Version in VolumeLabel is invalid.
Line 1558: The property name _ExtentX in VolumeLabel is invalid.
Line 1559: The property name _ExtentY in VolumeLabel is invalid.
Line 1560: The property name _StockProps in VolumeLabel is invalid.
Line 1561: The property name Caption in VolumeLabel is invalid.
Line 1563: The property name BorderWidth in VolumeLabel is invalid.
Line 1564: The property name BevelOuter in VolumeLabel is invalid.
Line 1565: The property name Font3D in VolumeLabel is invalid.
Line 1566: The property name Alignment in VolumeLabel is invalid.
Line 1575: The property name _Version in MidiChannelOutLabel is invalid.
Line 1576: The property name _ExtentX in MidiChannelOutLabel is invalid.
Line 1577: The property name _ExtentY in MidiChannelOutLabel is invalid.
Line 1578: The property name _StockProps in MidiChannelOutLabel is invalid.
Line 1579: The property name Caption in MidiChannelOutLabel is invalid.
Line 1581: The property name BorderWidth in MidiChannelOutLabel is invalid.
Line 1582: The property name BevelOuter in MidiChannelOutLabel is invalid.
Line 1583: The property name Font3D in MidiChannelOutLabel is invalid.
Line 1584: The property name Alignment in MidiChannelOutLabel is invalid.
Line 1593: The property name _Version in SSPanel10 is invalid.
Line 1594: The property name _ExtentX in SSPanel10 is invalid.
Line 1595: The property name _ExtentY in SSPanel10 is invalid.
Line 1596: The property name _StockProps in SSPanel10 is invalid.
Line 1597: The property name Caption in SSPanel10 is invalid.
Line 1599: The property name BorderWidth in SSPanel10 is invalid.
Line 1600: The property name BevelOuter in SSPanel10 is invalid.
Line 1601: The property name BevelInner in SSPanel10 is invalid.
Line 1602: The property name FloodShowPct in SSPanel10 is invalid.
Line 1603: The property name Font3D in SSPanel10 is invalid.
Line 1613: The property name _Version in SSPanel9 is invalid.
Line 1614: The property name _ExtentX in SSPanel9 is invalid.
Line 1615: The property name _ExtentY in SSPanel9 is invalid.
Line 1616: The property name _StockProps in SSPanel9 is invalid.
Line 1617: The property name Caption in SSPanel9 is invalid.
Line 1619: The property name BorderWidth in SSPanel9 is invalid.
Line 1620: The property name BevelOuter in SSPanel9 is invalid.
Line 1621: The property name BevelInner in SSPanel9 is invalid.
Line 1622: The property name FloodShowPct in SSPanel9 is invalid.
Line 1623: The property name Font3D in SSPanel9 is invalid.
Line 1624: The property name Alignment in SSPanel9 is invalid.
Line 1633: The property name _Version in PatchLabel is invalid.
Line 1634: The property name _ExtentX in PatchLabel is invalid.
Line 1635: The property name _ExtentY in PatchLabel is invalid.
Line 1636: The property name _StockProps in PatchLabel is invalid.
Line 1637: The property name Caption in PatchLabel is invalid.
Line 1648: The property name BorderWidth in PatchLabel is invalid.
Line 1649: The property name BevelOuter in PatchLabel is invalid.
Line 1650: The property name BevelInner in PatchLabel is invalid.
Line 1651: The property name Font3D in PatchLabel is invalid.
Line 1660: The property name _Version in SSPanel8 is invalid.
Line 1661: The property name _ExtentX in SSPanel8 is invalid.
Line 1662: The property name _ExtentY in SSPanel8 is invalid.
Line 1663: The property name _StockProps in SSPanel8 is invalid.
Line 1664: The property name Caption in SSPanel8 is invalid.
Line 1666: The property name BorderWidth in SSPanel8 is invalid.
Line 1667: The property name BevelOuter in SSPanel8 is invalid.
Line 1668: The property name BevelInner in SSPanel8 is invalid.
Line 1669: The property name Font3D in SSPanel8 is invalid.
Line 1670: The property name Alignment in SSPanel8 is invalid.
Line 1679: The property name _Version in SSPanel7 is invalid.
Line 1680: The property name _ExtentX in SSPanel7 is invalid.
Line 1681: The property name _ExtentY in SSPanel7 is invalid.
Line 1682: The property name _StockProps in SSPanel7 is invalid.
Line 1683: The property name Caption in SSPanel7 is invalid.
Line 1685: The property name BorderWidth in SSPanel7 is invalid.
Line 1686: The property name BevelOuter in SSPanel7 is invalid.
Line 1687: The property name BevelInner in SSPanel7 is invalid.
Line 1688: The property name Font3D in SSPanel7 is invalid.
Line 1689: The property name Alignment in SSPanel7 is invalid.
Line 1698: The property name _Version in Panel3D1 is invalid.
Line 1699: The property name _ExtentX in Panel3D1 is invalid.
Line 1700: The property name _ExtentY in Panel3D1 is invalid.
Line 1701: The property name _StockProps in Panel3D1 is invalid.
Line 1702: The property name Caption in Panel3D1 is invalid.
Line 1704: The property name BorderWidth in Panel3D1 is invalid.
Line 1705: The property name BevelInner in Panel3D1 is invalid.
Line 1706: The property name Font3D in Panel3D1 is invalid.
Line 1707: The property name Alignment in Panel3D1 is invalid.
Line 1725: The property name _Version in Panel3D2 is invalid.
Line 1726: The property name _ExtentX in Panel3D2 is invalid.
Line 1727: The property name _ExtentY in Panel3D2 is invalid.
Line 1728: The property name _StockProps in Panel3D2 is invalid.
Line 1729: The property name Caption in Panel3D2 is invalid.
Line 1731: The property name BorderWidth in Panel3D2 is invalid.
Line 1732: The property name BevelInner in Panel3D2 is invalid.
Line 1733: The property name Font3D in Panel3D2 is invalid.
Line 1734: The property name Alignment in Panel3D2 is invalid.
Line 1753: The property name _Version in SSPanel9 is invalid.
Line 1754: The property name _ExtentX in SSPanel9 is invalid.
Line 1755: The property name _ExtentY in SSPanel9 is invalid.
Line 1756: The property name _StockProps in SSPanel9 is invalid.
Line 1757: The property name Caption in SSPanel9 is invalid.
Line 1759: The property name BorderWidth in SSPanel9 is invalid.
Line 1760: The property name BevelOuter in SSPanel9 is invalid.
Line 1761: The property name BevelInner in SSPanel9 is invalid.
Line 1762: The property name FloodShowPct in SSPanel9 is invalid.
Line 1763: The property name Font3D in SSPanel9 is invalid.
Line 1764: The property name Alignment in SSPanel9 is invalid.
Line 1773: The property name _Version in LabelOctave is invalid.
Line 1774: The property name _ExtentX in LabelOctave is invalid.
Line 1775: The property name _ExtentY in LabelOctave is invalid.
Line 1776: The property name _StockProps in LabelOctave is invalid.
Line 1777: The property name Caption in LabelOctave is invalid.
Line 1779: The property name BorderWidth in LabelOctave is invalid.
Line 1780: The property name BevelOuter in LabelOctave is invalid.
Line 1781: The property name Font3D in LabelOctave is invalid.
Line 1782: The property name Alignment in LabelOctave is invalid.
